ERROR:root:Loading prot data...
ERROR:root:                 vascular_fibroblasts  ...  endometrium_smooth.muscle.cells
gene                                   ...                                 
ENSG00000149021             -0.433909  ...                        -0.191223
ENSG00000211677             -0.433909  ...                        -0.191223
ENSG00000142515             -0.433909  ...                        -0.191223
ENSG00000102962             -0.433909  ...                        -0.191223
ENSG00000122852             -0.433909  ...                        -0.191223
...                               ...  ...                              ...
ENSG00000089472              0.808302  ...                         0.056753
ENSG00000099901             -0.166184  ...                         0.087005
ENSG00000077420              0.374243  ...                        -0.191223
ENSG00000245848             -0.394185  ...                        -0.114049
ENSG00000151414              0.719624  ...                         0.093154

[1773 rows x 46 columns]
ERROR:root:gene
ENSG00000149021   -4.334824
ENSG00000211677    4.845468
ENSG00000142515   -0.378660
ENSG00000102962    3.312282
ENSG00000122852    1.362130
                     ...   
ENSG00000089472    1.687907
ENSG00000099901   -1.688918
ENSG00000077420    1.033944
ENSG00000245848    1.426503
ENSG00000151414   -1.613614
Name: z_score, Length: 1773, dtype: float64
ERROR:root:[[0.82 0.88 0.91 0.88 0.85 0.86 0.84 0.8  0.81 0.67 0.72 0.55 0.38 0.35
  0.25 0.07 0.01 0.   0.   0.  ]
 [0.41 0.42 0.4  0.31 0.22 0.3  0.23 0.22 0.1  0.11 0.05 0.03 0.01 0.01
  0.   0.   0.   0.   0.   0.  ]
 [0.91 0.95 0.87 0.91 0.95 0.91 0.88 0.87 0.81 0.75 0.78 0.81 0.72 0.63
  0.56 0.3  0.25 0.08 0.02 0.  ]
 [0.75 0.69 0.67 0.66 0.61 0.67 0.75 0.56 0.55 0.49 0.44 0.35 0.27 0.13
  0.06 0.03 0.01 0.   0.   0.  ]
 [0.8  0.75 0.78 0.81 0.81 0.73 0.62 0.55 0.5  0.47 0.36 0.26 0.14 0.1
  0.01 0.01 0.   0.   0.   0.  ]
 [0.36 0.26 0.25 0.19 0.2  0.12 0.23 0.08 0.09 0.07 0.02 0.01 0.01 0.
  0.   0.   0.   0.   0.   0.  ]
 [0.38 0.31 0.42 0.39 0.37 0.36 0.34 0.39 0.41 0.35 0.31 0.37 0.26 0.28
  0.11 0.17 0.07 0.03 0.   0.  ]
 [0.38 0.34 0.32 0.39 0.22 0.2  0.19 0.08 0.08 0.05 0.03 0.03 0.02 0.01
  0.   0.   0.   0.   0.   0.  ]
 [0.62 0.62 0.63 0.63 0.65 0.75 0.75 0.59 0.7  0.66 0.54 0.5  0.58 0.35
  0.25 0.11 0.   0.   0.   0.  ]
 [0.05 0.02 0.   0.01 0.   0.   0.   0.   0.   0.   0.   0.   0.   0.
  0.   0.   0.   0.   0.   0.  ]
 [0.5  0.7  0.57 0.53 0.59 0.55 0.53 0.31 0.43 0.32 0.25 0.11 0.04 0.03
  0.   0.   0.   0.   0.   0.  ]
 [0.85 0.85 0.94 0.88 0.93 0.86 0.92 0.83 0.9  0.81 0.84 0.78 0.84 0.7
  0.54 0.51 0.32 0.13 0.03 0.  ]
 [0.88 0.92 0.96 0.94 0.93 0.83 0.82 0.9  0.75 0.67 0.75 0.62 0.61 0.46
  0.26 0.2  0.07 0.02 0.   0.  ]
 [0.81 0.68 0.73 0.71 0.72 0.67 0.6  0.47 0.49 0.45 0.34 0.18 0.12 0.1
  0.04 0.   0.   0.   0.   0.  ]
 [0.8  0.78 0.69 0.64 0.57 0.37 0.35 0.28 0.11 0.05 0.04 0.   0.01 0.01
  0.   0.   0.   0.   0.   0.  ]
 [0.82 0.77 0.85 0.85 0.82 0.83 0.84 0.83 0.84 0.81 0.8  0.77 0.63 0.58
  0.5  0.19 0.17 0.09 0.   0.  ]
 [0.   0.   0.   0.   0.   0.   0.   0.   0.   0.   0.   0.   0.   0.
  0.   0.   0.   0.   0.   0.  ]
 [0.88 0.89 0.89 0.83 0.86 0.85 0.74 0.63 0.54 0.36 0.41 0.16 0.15 0.03
  0.02 0.   0.   0.   0.   0.  ]
 [0.45 0.49 0.39 0.4  0.4  0.34 0.41 0.28 0.29 0.2  0.2  0.13 0.11 0.06
  0.04 0.01 0.   0.   0.   0.  ]
 [0.87 0.81 0.82 0.83 0.87 0.85 0.8  0.81 0.75 0.8  0.77 0.55 0.55 0.5
  0.34 0.16 0.06 0.02 0.   0.  ]
 [0.63 0.52 0.4  0.33 0.24 0.1  0.09 0.02 0.01 0.   0.   0.   0.   0.
  0.   0.   0.   0.   0.   0.  ]
 [0.49 0.51 0.39 0.4  0.33 0.43 0.4  0.29 0.24 0.22 0.22 0.14 0.05 0.04
  0.   0.01 0.   0.   0.   0.  ]
 [0.13 0.06 0.05 0.05 0.01 0.03 0.   0.   0.   0.   0.   0.   0.   0.
  0.   0.   0.   0.   0.   0.  ]
 [0.33 0.42 0.28 0.25 0.34 0.36 0.25 0.28 0.19 0.14 0.13 0.12 0.1  0.03
  0.   0.   0.   0.   0.   0.  ]
 [0.08 0.05 0.04 0.07 0.04 0.04 0.02 0.   0.   0.   0.   0.   0.   0.
  0.   0.   0.   0.   0.   0.  ]
 [0.99 0.98 0.98 0.99 0.99 0.98 0.92 0.87 0.85 0.73 0.64 0.63 0.52 0.38
  0.21 0.16 0.04 0.01 0.01 0.  ]
 [0.84 0.77 0.75 0.76 0.74 0.68 0.75 0.69 0.72 0.51 0.56 0.48 0.4  0.41
  0.29 0.14 0.04 0.01 0.   0.  ]
 [0.08 0.01 0.04 0.   0.01 0.   0.   0.   0.   0.   0.   0.   0.   0.
  0.   0.   0.   0.   0.   0.  ]
 [0.   0.   0.   0.   0.   0.   0.   0.   0.   0.   0.   0.   0.   0.
  0.   0.   0.   0.   0.   0.  ]
 [0.08 0.02 0.04 0.05 0.06 0.05 0.05 0.06 0.02 0.04 0.01 0.02 0.01 0.01
  0.   0.   0.   0.   0.   0.  ]
 [0.25 0.16 0.18 0.07 0.16 0.1  0.03 0.   0.01 0.01 0.01 0.   0.   0.
  0.   0.   0.   0.   0.   0.  ]
 [0.01 0.   0.   0.   0.   0.   0.   0.   0.   0.   0.   0.   0.   0.
  0.   0.   0.   0.   0.   0.  ]
 [0.56 0.5  0.58 0.47 0.44 0.49 0.37 0.28 0.22 0.12 0.11 0.09 0.01 0.
  0.   0.   0.   0.   0.   0.  ]
 [0.48 0.46 0.38 0.3  0.39 0.38 0.29 0.26 0.27 0.21 0.12 0.07 0.04 0.02
  0.   0.   0.   0.   0.   0.  ]
 [0.83 0.74 0.61 0.66 0.44 0.3  0.17 0.08 0.01 0.01 0.   0.   0.   0.
  0.   0.   0.   0.   0.   0.  ]
 [0.5  0.53 0.54 0.39 0.39 0.37 0.4  0.22 0.21 0.2  0.1  0.09 0.01 0.02
  0.   0.   0.   0.   0.   0.  ]
 [0.14 0.11 0.05 0.04 0.02 0.03 0.   0.   0.   0.   0.   0.   0.   0.
  0.   0.   0.   0.   0.   0.  ]
 [0.33 0.43 0.36 0.38 0.41 0.35 0.33 0.3  0.21 0.21 0.22 0.06 0.13 0.03
  0.04 0.   0.   0.   0.   0.  ]
 [0.5  0.44 0.25 0.17 0.08 0.05 0.02 0.   0.   0.   0.   0.   0.   0.
  0.   0.   0.   0.   0.   0.  ]
 [0.21 0.18 0.18 0.09 0.09 0.13 0.08 0.11 0.06 0.07 0.01 0.02 0.01 0.
  0.   0.   0.   0.   0.   0.  ]
 [0.32 0.29 0.18 0.19 0.2  0.15 0.13 0.13 0.11 0.06 0.06 0.06 0.06 0.03
  0.01 0.   0.   0.   0.   0.  ]
 [0.   0.   0.   0.   0.   0.   0.   0.   0.   0.   0.   0.   0.   0.
  0.   0.   0.   0.   0.   0.  ]
 [0.37 0.4  0.23 0.16 0.05 0.04 0.   0.   0.   0.   0.   0.   0.   0.
  0.   0.   0.   0.   0.   0.  ]
 [0.83 0.77 0.78 0.78 0.65 0.65 0.54 0.58 0.53 0.38 0.28 0.35 0.19 0.1
  0.06 0.03 0.02 0.01 0.   0.  ]
 [0.38 0.46 0.37 0.33 0.38 0.26 0.22 0.15 0.1  0.06 0.02 0.01 0.   0.
  0.   0.   0.   0.   0.   0.  ]
 [0.15 0.18 0.19 0.12 0.04 0.07 0.   0.01 0.   0.   0.   0.   0.   0.
  0.   0.   0.   0.   0.   0.  ]]
